{
  message: 'database connection successfull',
  level: 'info',
  label: 'PHU',
  timestamp: '2023-06-06T01:17:26.657Z'
}
{
  message: 'Example app listening on port 5050',
  level: 'info',
  label: 'PHU',
  timestamp: '2023-06-06T01:17:26.666Z'
}
{
  message: 'database connection successfull',
  level: 'info',
  label: 'PHU',
  timestamp: '2023-06-06T01:21:08.252Z'
}
{
  message: 'Example app listening on port 5050',
  level: 'info',
  label: 'PHU',
  timestamp: '2023-06-06T01:21:08.259Z'
}
{
  message: 'database connection successfull',
  level: 'info',
  label: 'PHU',
  timestamp: '2023-06-06T01:24:42.020Z'
}
{
  message: 'Example app listening on port 5050',
  level: 'info',
  label: 'PHU',
  timestamp: '2023-06-06T01:24:42.026Z'
}
{
  message: 'database connection successfull',
  level: 'info',
  label: 'PHU',
  timestamp: '2023-06-06T01:27:40.650Z'
}
{
  message: 'Example app listening on port 5050',
  level: 'info',
  label: 'PHU',
  timestamp: '2023-06-06T01:27:40.657Z'
}
