{
  message: 'database connection successfull',
  level: 'info',
  label: 'PHU',
  timestamp: '2023-06-27T21:04:43.825Z'
}
{
  message: 'Example app listening on port 5050',
  level: 'info',
  label: 'PHU',
  timestamp: '2023-06-27T21:04:43.835Z'
}
{
  message: 'database connection successfull',
  level: 'info',
  label: 'PHU',
  timestamp: '2023-06-27T21:10:52.850Z'
}
{
  message: 'Example app listening on port 5050',
  level: 'info',
  label: 'PHU',
  timestamp: '2023-06-27T21:10:52.929Z'
}
{
  message: 'database connection successfull',
  level: 'info',
  label: 'PHU',
  timestamp: '2023-06-27T21:20:45.949Z'
}
{
  message: 'Example app listening on port 5050',
  level: 'info',
  label: 'PHU',
  timestamp: '2023-06-27T21:20:45.997Z'
}
{
  message: 'database connection successfull',
  level: 'info',
  label: 'PHU',
  timestamp: '2023-06-27T21:25:25.358Z'
}
{
  message: 'Example app listening on port 5050',
  level: 'info',
  label: 'PHU',
  timestamp: '2023-06-27T21:25:25.383Z'
}
