{
  message: 'database connection successfull',
  level: 'info',
  label: 'PHU',
  timestamp: '2023-06-15T06:47:27.694Z'
}
{
  message: 'Example app listening on port 5050',
  level: 'info',
  label: 'PHU',
  timestamp: '2023-06-15T06:47:27.701Z'
}
{
  message: 'database connection successfull',
  level: 'info',
  label: 'PHU',
  timestamp: '2023-06-15T06:50:31.766Z'
}
{
  message: 'Example app listening on port 5050',
  level: 'info',
  label: 'PHU',
  timestamp: '2023-06-15T06:50:31.780Z'
}
{
  message: 'database connection successfull',
  level: 'info',
  label: 'PHU',
  timestamp: '2023-06-15T06:51:32.229Z'
}
{
  message: 'Example app listening on port 5050',
  level: 'info',
  label: 'PHU',
  timestamp: '2023-06-15T06:51:32.239Z'
}
{
  message: 'database connection successfull',
  level: 'info',
  label: 'PHU',
  timestamp: '2023-06-15T06:52:31.582Z'
}
{
  message: 'Example app listening on port 5050',
  level: 'info',
  label: 'PHU',
  timestamp: '2023-06-15T06:52:31.594Z'
}
{
  message: 'database connection successfull',
  level: 'info',
  label: 'PHU',
  timestamp: '2023-06-15T06:53:10.531Z'
}
{
  message: 'Example app listening on port 5050',
  level: 'info',
  label: 'PHU',
  timestamp: '2023-06-15T06:53:10.538Z'
}
{
  message: 'database connection successfull',
  level: 'info',
  label: 'PHU',
  timestamp: '2023-06-15T06:54:54.589Z'
}
{
  message: 'Example app listening on port 5050',
  level: 'info',
  label: 'PHU',
  timestamp: '2023-06-15T06:54:54.597Z'
}
{
  message: 'database connection successfull',
  level: 'info',
  label: 'PHU',
  timestamp: '2023-06-15T06:56:24.686Z'
}
{
  message: 'Example app listening on port 5050',
  level: 'info',
  label: 'PHU',
  timestamp: '2023-06-15T06:56:24.695Z'
}
{
  message: 'database connection successfull',
  level: 'info',
  label: 'PHU',
  timestamp: '2023-06-15T06:57:48.654Z'
}
{
  message: 'Example app listening on port 5050',
  level: 'info',
  label: 'PHU',
  timestamp: '2023-06-15T06:57:48.661Z'
}
{
  message: 'database connection successfull',
  level: 'info',
  label: 'PHU',
  timestamp: '2023-06-15T06:57:57.039Z'
}
{
  message: 'Example app listening on port 5050',
  level: 'info',
  label: 'PHU',
  timestamp: '2023-06-15T06:57:57.049Z'
}
{
  message: 'database connection successfull',
  level: 'info',
  label: 'PHU',
  timestamp: '2023-06-15T06:59:22.963Z'
}
{
  message: 'Example app listening on port 5050',
  level: 'info',
  label: 'PHU',
  timestamp: '2023-06-15T06:59:22.970Z'
}
