{
  message: 'database connection successfull',
  level: 'info',
  label: 'PHU',
  timestamp: '2023-06-16T13:00:57.374Z'
}
{
  message: 'Example app listening on port 5050',
  level: 'info',
  label: 'PHU',
  timestamp: '2023-06-16T13:00:57.387Z'
}
{
  message: 'database connection successfull',
  level: 'info',
  label: 'PHU',
  timestamp: '2023-06-16T13:02:22.754Z'
}
{
  message: 'Example app listening on port 5050',
  level: 'info',
  label: 'PHU',
  timestamp: '2023-06-16T13:02:22.764Z'
}
{
  message: 'database connection successfull',
  level: 'info',
  label: 'PHU',
  timestamp: '2023-06-16T13:06:46.400Z'
}
{
  message: 'Example app listening on port 5050',
  level: 'info',
  label: 'PHU',
  timestamp: '2023-06-16T13:06:46.409Z'
}
{
  message: 'database connection successfull',
  level: 'info',
  label: 'PHU',
  timestamp: '2023-06-16T13:07:16.204Z'
}
{
  message: 'Example app listening on port 5050',
  level: 'info',
  label: 'PHU',
  timestamp: '2023-06-16T13:07:16.222Z'
}
{
  message: 'database connection successfull',
  level: 'info',
  label: 'PHU',
  timestamp: '2023-06-16T13:08:15.797Z'
}
{
  message: 'Example app listening on port 5050',
  level: 'info',
  label: 'PHU',
  timestamp: '2023-06-16T13:08:15.806Z'
}
{
  message: 'database connection successfull',
  level: 'info',
  label: 'PHU',
  timestamp: '2023-06-16T13:08:27.368Z'
}
{
  message: 'Example app listening on port 5050',
  level: 'info',
  label: 'PHU',
  timestamp: '2023-06-16T13:08:27.382Z'
}
{
  message: 'database connection successfull',
  level: 'info',
  label: 'PHU',
  timestamp: '2023-06-16T13:32:25.321Z'
}
{
  message: 'Example app listening on port 5050',
  level: 'info',
  label: 'PHU',
  timestamp: '2023-06-16T13:32:25.382Z'
}
