{
  message: 'database connection successfull',
  level: 'info',
  label: 'right meow!',
  timestamp: '2023-06-04T02:26:46.906Z'
}
{
  message: 'Example app listening on port 5050',
  level: 'info',
  label: 'right meow!',
  timestamp: '2023-06-04T02:26:46.913Z'
}
{
  message: 'database connection successfull',
  level: 'info',
  label: 'right meow!',
  timestamp: '2023-06-04T02:37:12.218Z'
}
{
  message: 'Example app listening on port 5050',
  level: 'info',
  label: 'right meow!',
  timestamp: '2023-06-04T02:37:12.226Z'
}
{
  message: 'database connection successfull',
  level: 'info',
  label: 'right meow!',
  timestamp: '2023-06-04T02:38:30.143Z'
}
{
  message: 'Example app listening on port 5050',
  level: 'info',
  label: 'right meow!',
  timestamp: '2023-06-04T02:38:30.155Z'
}
{
  message: 'database connection successfull',
  level: 'info',
  label: 'right meow!',
  timestamp: '2023-06-04T02:42:31.291Z'
}
{
  message: 'Example app listening on port 5050',
  level: 'info',
  label: 'right meow!',
  timestamp: '2023-06-04T02:42:31.302Z'
}
